<?xml version="1.0" encoding="UTF-8"?>
<coverage generated="1558945876035" clover="3.2.0">
  <project timestamp="1558945876035" name="All files">
    <metrics statements="360" coveredstatements="250" conditionals="118" coveredconditionals="53" methods="53" coveredmethods="35" elements="531" coveredelements="338" complexity="0" loc="360" ncloc="360" packages="2" files="5" classes="5">
      <package name="src">
        <metrics statements="358" coveredstatements="248" conditionals="118" coveredconditionals="53" methods="53" coveredmethods="35"/>
        <file name="bezier.ts" path="E:\GHN\Projects\signature_pad\src\bezier.ts">
          <metrics statements="45" coveredstatements="45" conditionals="2" coveredconditionals="2" methods="6" coveredmethods="6"/>
          <line num="1" count="2" type="stmt"/>
          <line num="3" count="2" type="stmt"/>
          <line num="4" count="2" type="stmt"/>
          <line num="8" count="71" type="stmt"/>
          <line num="9" count="71" type="stmt"/>
          <line num="11" count="71" type="stmt"/>
          <line num="14" count="2" type="stmt"/>
          <line num="22" count="142" type="stmt"/>
          <line num="23" count="142" type="stmt"/>
          <line num="24" count="142" type="stmt"/>
          <line num="25" count="142" type="stmt"/>
          <line num="27" count="142" type="stmt"/>
          <line num="28" count="142" type="stmt"/>
          <line num="30" count="142" type="stmt"/>
          <line num="31" count="142" type="stmt"/>
          <line num="33" count="142" type="stmt"/>
          <line num="34" count="142" type="stmt"/>
          <line num="36" count="142" type="stmt"/>
          <line num="37" count="142" type="stmt"/>
          <line num="39" count="142" type="stmt"/>
          <line num="40" count="142" type="stmt"/>
          <line num="42" count="142" type="stmt"/>
          <line num="49" count="72" type="stmt"/>
          <line num="50" count="72" type="stmt"/>
          <line num="51" count="72" type="stmt"/>
          <line num="52" count="72" type="stmt"/>
          <line num="53" count="72" type="stmt"/>
          <line num="54" count="72" type="stmt"/>
          <line num="58" count="2" type="stmt"/>
          <line num="59" count="57" type="stmt"/>
          <line num="60" count="57" type="stmt"/>
          <line num="64" count="57" type="stmt"/>
          <line num="65" count="627" type="stmt"/>
          <line num="66" count="627" type="stmt"/>
          <line num="73" count="627" type="stmt"/>
          <line num="81" count="627" type="cond" truecount="2" falsecount="0"/>
          <line num="82" count="570" type="stmt"/>
          <line num="83" count="570" type="stmt"/>
          <line num="85" count="570" type="stmt"/>
          <line num="88" count="627" type="stmt"/>
          <line num="89" count="627" type="stmt"/>
          <line num="92" count="57" type="stmt"/>
          <line num="96" count="2" type="stmt"/>
          <line num="104" count="1254" type="stmt"/>
          <line num="109" count="2" type="stmt"/>
        </file>
        <file name="point.ts" path="E:\GHN\Projects\signature_pad\src\point.ts">
          <metrics statements="10" coveredstatements="10" conditionals="7" coveredconditionals="7" methods="5" coveredmethods="5"/>
          <line num="8" count="3" type="stmt"/>
          <line num="11" count="388" type="stmt"/>
          <line num="12" count="388" type="cond" truecount="2" falsecount="0"/>
          <line num="15" count="3" type="stmt"/>
          <line num="16" count="72" type="stmt"/>
          <line num="21" count="3" type="stmt"/>
          <line num="22" count="4" type="cond" truecount="3" falsecount="0"/>
          <line num="25" count="3" type="stmt"/>
          <line num="26" count="72" type="stmt"/>
          <line num="30" count="3" type="stmt"/>
        </file>
        <file name="signature_pad.ts" path="E:\GHN\Projects\signature_pad\src\signature_pad.ts">
          <metrics statements="276" coveredstatements="188" conditionals="95" coveredconditionals="43" methods="39" coveredmethods="23"/>
          <line num="12" count="1" type="stmt"/>
          <line num="13" count="1" type="stmt"/>
          <line num="14" count="1" type="stmt"/>
          <line num="41" count="1" type="stmt"/>
          <line num="66" count="8" type="stmt"/>
          <line num="67" count="8" type="stmt"/>
          <line num="68" count="22" type="cond" truecount="2" falsecount="0"/>
          <line num="70" count="8" type="cond" truecount="2" falsecount="0"/>
          <line num="71" count="8" type="cond" truecount="2" falsecount="0"/>
          <line num="72" count="8" type="cond" truecount="2" falsecount="0"/>
          <line num="73" count="8" type="cond" truecount="2" falsecount="0"/>
          <line num="74" count="8" type="stmt"/>
          <line num="78" count="8" type="cond" truecount="2" falsecount="0"/>
          <line num="79" count="7" type="stmt"/>
          <line num="84" count="1" type="stmt"/>
          <line num="87" count="8" type="stmt"/>
          <line num="90" count="10" type="stmt"/>
          <line num="92" count="8" type="cond" truecount="2" falsecount="0"/>
          <line num="93" count="8" type="cond" truecount="2" falsecount="0"/>
          <line num="94" count="8" type="stmt"/>
          <line num="95" count="8" type="stmt"/>
          <line num="97" count="8" type="stmt"/>
          <line num="98" count="8" type="stmt"/>
          <line num="101" count="8" type="stmt"/>
          <line num="104" count="1" type="stmt"/>
          <line num="105" count="13" type="stmt"/>
          <line num="106" count="13" type="stmt"/>
          <line num="109" count="13" type="stmt"/>
          <line num="110" count="13" type="stmt"/>
          <line num="111" count="13" type="stmt"/>
          <line num="113" count="13" type="stmt"/>
          <line num="114" count="13" type="stmt"/>
          <line num="115" count="13" type="stmt"/>
          <line num="118" count="1" type="stmt"/>
          <line num="120" count="0" type="cond" truecount="0" falsecount="2"/>
          <line num="123" count="0" type="stmt"/>
          <line num="124" count="0" type="cond" truecount="0" falsecount="3"/>
          <line num="125" count="0" type="cond" truecount="0" falsecount="2"/>
          <line num="126" count="0" type="cond" truecount="0" falsecount="2"/>
          <line num="128" count="0" type="stmt"/>
          <line num="130" count="0" type="stmt"/>
          <line num="131" count="0" type="stmt"/>
          <line num="132" count="0" type="cond" truecount="0" falsecount="2"/>
          <line num="133" count="0" type="stmt"/>
          <line num="136" count="0" type="stmt"/>
          <line num="137" count="0" type="cond" truecount="0" falsecount="2"/>
          <line num="138" count="0" type="stmt"/>
          <line num="141" count="0" type="stmt"/>
          <line num="143" count="0" type="stmt"/>
          <line num="146" count="1" type="cond" truecount="1" falsecount="1"/>
          <line num="147" count="1" type="stmt"/>
          <line num="149" count="1" type="stmt"/>
          <line num="151" count="0" type="stmt"/>
          <line num="155" count="1" type="stmt"/>
          <line num="157" count="8" type="stmt"/>
          <line num="158" count="8" type="stmt"/>
          <line num="160" count="8" type="cond" truecount="1" falsecount="1"/>
          <line num="161" count="0" type="stmt"/>
          <line num="163" count="8" type="stmt"/>
          <line num="165" count="8" type="cond" truecount="1" falsecount="1"/>
          <line num="166" count="0" type="stmt"/>
          <line num="171" count="1" type="stmt"/>
          <line num="173" count="0" type="stmt"/>
          <line num="174" count="0" type="stmt"/>
          <line num="176" count="0" type="stmt"/>
          <line num="177" count="0" type="stmt"/>
          <line num="178" count="0" type="stmt"/>
          <line num="180" count="0" type="stmt"/>
          <line num="181" count="0" type="stmt"/>
          <line num="182" count="0" type="stmt"/>
          <line num="184" count="0" type="stmt"/>
          <line num="185" count="0" type="stmt"/>
          <line num="186" count="0" type="stmt"/>
          <line num="189" count="1" type="stmt"/>
          <line num="190" count="4" type="stmt"/>
          <line num="193" count="4" type="stmt"/>
          <line num="194" count="4" type="stmt"/>
          <line num="196" count="4" type="stmt"/>
          <line num="198" count="56" type="stmt"/>
          <line num="199" count="8" type="stmt"/>
          <line num="202" count="4" type="stmt"/>
          <line num="205" count="1" type="stmt"/>
          <line num="206" count="2" type="stmt"/>
          <line num="210" count="8" type="stmt"/>
          <line num="211" count="0" type="cond" truecount="0" falsecount="2"/>
          <line num="212" count="0" type="stmt"/>
          <line num="213" count="0" type="stmt"/>
          <line num="217" count="8" type="stmt"/>
          <line num="218" count="0" type="cond" truecount="0" falsecount="2"/>
          <line num="219" count="0" type="stmt"/>
          <line num="223" count="8" type="stmt"/>
          <line num="224" count="0" type="cond" truecount="0" falsecount="4"/>
          <line num="225" count="0" type="stmt"/>
          <line num="226" count="0" type="stmt"/>
          <line num="230" count="8" type="stmt"/>
          <line num="232" count="0" type="stmt"/>
          <line num="234" count="0" type="cond" truecount="0" falsecount="2"/>
          <line num="235" count="0" type="stmt"/>
          <line num="236" count="0" type="stmt"/>
          <line num="240" count="8" type="stmt"/>
          <line num="242" count="0" type="stmt"/>
          <line num="244" count="0" type="stmt"/>
          <line num="245" count="0" type="stmt"/>
          <line num="248" count="8" type="stmt"/>
          <line num="249" count="0" type="stmt"/>
          <line num="250" count="0" type="cond" truecount="0" falsecount="2"/>
          <line num="251" count="0" type="stmt"/>
          <line num="253" count="0" type="stmt"/>
          <line num="254" count="0" type="stmt"/>
          <line num="259" count="1" type="stmt"/>
          <line num="260" count="0" type="stmt"/>
          <line num="265" count="0" type="cond" truecount="0" falsecount="2"/>
          <line num="266" count="0" type="stmt"/>
          <line num="269" count="0" type="stmt"/>
          <line num="270" count="0" type="stmt"/>
          <line num="271" count="0" type="stmt"/>
          <line num="274" count="1" type="stmt"/>
          <line num="275" count="0" type="stmt"/>
          <line num="276" count="0" type="stmt"/>
          <line num="278" count="0" type="stmt"/>
          <line num="279" count="0" type="stmt"/>
          <line num="280" count="0" type="stmt"/>
          <line num="282" count="0" type="cond" truecount="0" falsecount="2"/>
          <line num="283" count="0" type="stmt"/>
          <line num="286" count="0" type="stmt"/>
          <line num="289" count="0" type="cond" truecount="0" falsecount="6"/>
          <line num="290" count="0" type="stmt"/>
          <line num="292" count="0" type="cond" truecount="0" falsecount="2"/>
          <line num="293" count="0" type="stmt"/>
          <line num="294" count="0" type="cond" truecount="0" falsecount="2"/>
          <line num="295" count="0" type="stmt"/>
          <line num="298" count="0" type="stmt"/>
          <line num="306" count="1" type="stmt"/>
          <line num="307" count="0" type="stmt"/>
          <line num="309" count="0" type="cond" truecount="0" falsecount="2"/>
          <line num="310" count="0" type="stmt"/>
          <line num="314" count="1" type="stmt"/>
          <line num="315" count="0" type="stmt"/>
          <line num="317" count="0" type="stmt"/>
          <line num="318" count="0" type="stmt"/>
          <line num="319" count="0" type="stmt"/>
          <line num="322" count="1" type="stmt"/>
          <line num="323" count="8" type="stmt"/>
          <line num="325" count="8" type="stmt"/>
          <line num="326" count="8" type="stmt"/>
          <line num="327" count="8" type="stmt"/>
          <line num="330" count="1" type="stmt"/>
          <line num="331" count="0" type="stmt"/>
          <line num="332" count="0" type="stmt"/>
          <line num="333" count="0" type="stmt"/>
          <line num="337" count="1" type="stmt"/>
          <line num="338" count="28" type="stmt"/>
          <line num="339" count="28" type="stmt"/>
          <line num="340" count="28" type="stmt"/>
          <line num="341" count="28" type="stmt"/>
          <line num="344" count="1" type="stmt"/>
          <line num="345" count="0" type="stmt"/>
          <line num="347" count="0" type="stmt"/>
          <line num="351" count="1" type="stmt"/>
          <line num="352" count="80" type="stmt"/>
          <line num="354" count="80" type="stmt"/>
          <line num="356" count="80" type="cond" truecount="2" falsecount="0"/>
          <line num="359" count="70" type="cond" truecount="2" falsecount="0"/>
          <line num="360" count="5" type="stmt"/>
          <line num="364" count="70" type="stmt"/>
          <line num="365" count="70" type="stmt"/>
          <line num="368" count="70" type="stmt"/>
          <line num="370" count="70" type="stmt"/>
          <line num="373" count="10" type="stmt"/>
          <line num="376" count="1" type="stmt"/>
          <line num="381" count="70" type="stmt"/>
          <line num="384" count="70" type="stmt"/>
          <line num="386" count="70" type="stmt"/>
          <line num="391" count="70" type="stmt"/>
          <line num="392" count="70" type="stmt"/>
          <line num="394" count="70" type="stmt"/>
          <line num="397" count="1" type="stmt"/>
          <line num="398" count="70" type="stmt"/>
          <line num="401" count="1" type="stmt"/>
          <line num="402" count="1272" type="stmt"/>
          <line num="404" count="1272" type="stmt"/>
          <line num="405" count="1272" type="stmt"/>
          <line num="406" count="1272" type="stmt"/>
          <line num="409" count="56" type="stmt"/>
          <line num="410" count="56" type="stmt"/>
          <line num="411" count="56" type="stmt"/>
          <line num="414" count="56" type="stmt"/>
          <line num="416" count="56" type="stmt"/>
          <line num="417" count="56" type="stmt"/>
          <line num="419" count="56" type="stmt"/>
          <line num="421" count="1264" type="stmt"/>
          <line num="422" count="1264" type="stmt"/>
          <line num="423" count="1264" type="stmt"/>
          <line num="424" count="1264" type="stmt"/>
          <line num="425" count="1264" type="stmt"/>
          <line num="426" count="1264" type="stmt"/>
          <line num="428" count="1264" type="stmt"/>
          <line num="429" count="1264" type="stmt"/>
          <line num="430" count="1264" type="stmt"/>
          <line num="431" count="1264" type="stmt"/>
          <line num="433" count="1264" type="stmt"/>
          <line num="434" count="1264" type="stmt"/>
          <line num="435" count="1264" type="stmt"/>
          <line num="436" count="1264" type="stmt"/>
          <line num="438" count="1264" type="stmt"/>
          <line num="439" count="1264" type="stmt"/>
          <line num="442" count="56" type="stmt"/>
          <line num="443" count="56" type="stmt"/>
          <line num="446" count="1" type="stmt"/>
          <line num="447" count="8" type="stmt"/>
          <line num="448" count="8" type="stmt"/>
          <line num="453" count="8" type="stmt"/>
          <line num="455" count="8" type="cond" truecount="1" falsecount="1"/>
          <line num="457" count="8" type="stmt"/>
          <line num="458" count="8" type="stmt"/>
          <line num="459" count="8" type="stmt"/>
          <line num="460" count="8" type="stmt"/>
          <line num="461" count="8" type="stmt"/>
          <line num="464" count="1" type="stmt"/>
          <line num="469" count="15" type="stmt"/>
          <line num="470" count="15" type="stmt"/>
          <line num="472" count="15" type="cond" truecount="2" falsecount="0"/>
          <line num="473" count="5" type="stmt"/>
          <line num="474" count="80" type="stmt"/>
          <line num="475" count="80" type="stmt"/>
          <line num="479" count="80" type="stmt"/>
          <line num="481" count="80" type="cond" truecount="2" falsecount="0"/>
          <line num="482" count="5" type="stmt"/>
          <line num="485" count="80" type="stmt"/>
          <line num="487" count="80" type="cond" truecount="2" falsecount="0"/>
          <line num="488" count="70" type="stmt"/>
          <line num="492" count="10" type="stmt"/>
          <line num="494" count="10" type="stmt"/>
          <line num="502" count="1" type="stmt"/>
          <line num="503" count="1" type="stmt"/>
          <line num="504" count="1" type="cond" truecount="1" falsecount="1"/>
          <line num="505" count="1" type="stmt"/>
          <line num="506" count="1" type="stmt"/>
          <line num="507" count="1" type="stmt"/>
          <line num="508" count="1" type="stmt"/>
          <line num="509" count="1" type="stmt"/>
          <line num="511" count="1" type="stmt"/>
          <line num="512" count="1" type="stmt"/>
          <line num="514" count="1" type="stmt"/>
          <line num="517" count="14" type="stmt"/>
          <line num="518" count="14" type="stmt"/>
          <line num="524" count="14" type="cond" truecount="1" falsecount="1"/>
          <line num="531" count="14" type="stmt"/>
          <line num="537" count="14" type="stmt"/>
          <line num="538" count="14" type="stmt"/>
          <line num="539" count="14" type="stmt"/>
          <line num="540" count="14" type="stmt"/>
          <line num="541" count="14" type="stmt"/>
          <line num="543" count="14" type="stmt"/>
          <line num="548" count="2" type="stmt"/>
          <line num="549" count="2" type="stmt"/>
          <line num="551" count="2" type="cond" truecount="1" falsecount="1"/>
          <line num="552" count="2" type="stmt"/>
          <line num="553" count="2" type="stmt"/>
          <line num="554" count="2" type="stmt"/>
          <line num="555" count="2" type="stmt"/>
          <line num="557" count="2" type="stmt"/>
          <line num="561" count="1" type="stmt"/>
          <line num="563" count="1" type="stmt"/>
          <line num="570" count="1" type="stmt"/>
          <line num="573" count="1" type="cond" truecount="1" falsecount="1"/>
          <line num="574" count="0" type="stmt"/>
          <line num="575" count="0" type="stmt"/>
          <line num="576" count="0" type="stmt"/>
          <line num="579" count="0" type="stmt"/>
          <line num="580" count="0" type="stmt"/>
          <line num="583" count="0" type="stmt"/>
          <line num="586" count="1" type="stmt"/>
          <line num="587" count="1" type="stmt"/>
          <line num="589" count="1" type="stmt"/>
          <line num="591" count="1" type="stmt"/>
        </file>
        <file name="throttle.ts" path="E:\GHN\Projects\signature_pad\src\throttle.ts">
          <metrics statements="27" coveredstatements="5" conditionals="14" coveredconditionals="1" methods="3" coveredmethods="1"/>
          <line num="3" count="7" type="cond" truecount="1" falsecount="1"/>
          <line num="4" count="7" type="stmt"/>
          <line num="5" count="7" type="stmt"/>
          <line num="10" count="7" type="stmt"/>
          <line num="11" count="0" type="stmt"/>
          <line num="12" count="0" type="stmt"/>
          <line num="13" count="0" type="stmt"/>
          <line num="15" count="0" type="cond" truecount="0" falsecount="2"/>
          <line num="16" count="0" type="stmt"/>
          <line num="17" count="0" type="stmt"/>
          <line num="21" count="7" type="stmt"/>
          <line num="22" count="0" type="stmt"/>
          <line num="23" count="0" type="stmt"/>
          <line num="25" count="0" type="stmt"/>
          <line num="26" count="0" type="stmt"/>
          <line num="28" count="0" type="cond" truecount="0" falsecount="4"/>
          <line num="29" count="0" type="cond" truecount="0" falsecount="2"/>
          <line num="30" count="0" type="stmt"/>
          <line num="31" count="0" type="stmt"/>
          <line num="34" count="0" type="stmt"/>
          <line num="35" count="0" type="stmt"/>
          <line num="37" count="0" type="cond" truecount="0" falsecount="2"/>
          <line num="38" count="0" type="stmt"/>
          <line num="39" count="0" type="stmt"/>
          <line num="41" count="0" type="cond" truecount="0" falsecount="2"/>
          <line num="42" count="0" type="stmt"/>
          <line num="45" count="0" type="stmt"/>
        </file>
      </package>
      <package name="tests.fixtures">
        <metrics statements="2" coveredstatements="2" conditionals="0" coveredconditionals="0" methods="0" coveredmethods="0"/>
        <file name="face.ts" path="E:\GHN\Projects\signature_pad\tests\fixtures\face.ts">
          <metrics statements="2" coveredstatements="2" conditionals="0" coveredconditionals="0" methods="0" coveredmethods="0"/>
          <line num="1" count="1" type="stmt"/>
          <line num="10" count="1" type="stmt"/>
        </file>
      </package>
    </metrics>
  </project>
</coverage>
