{"E:\\GHN\\Projects\\signature_pad\\src\\bezier.ts": {"path":"E:\\GHN\\Projects\\signature_pad\\src\\bezier.ts","statementMap":{"0":{"start":{"line":1,"column":0},"end":{"line":1,"column":44}},"1":{"start":{"line":3,"column":0},"end":{"line":109,"column":0}},"2":{"start":{"line":49,"column":11},"end":{"line":49,"column":28}},"3":{"start":{"line":50,"column":11},"end":{"line":50,"column":32}},"4":{"start":{"line":51,"column":11},"end":{"line":51,"column":32}},"5":{"start":{"line":52,"column":11},"end":{"line":52,"column":26}},"6":{"start":{"line":53,"column":11},"end":{"line":53,"column":29}},"7":{"start":{"line":54,"column":11},"end":{"line":54,"column":27}},"8":{"start":{"line":4,"column":16},"end":{"line":12,"column":3}},"9":{"start":{"line":8,"column":15},"end":{"line":8,"column":78}},"10":{"start":{"line":9,"column":15},"end":{"line":9,"column":78}},"11":{"start":{"line":11,"column":4},"end":{"line":11,"column":78}},"12":{"start":{"line":14,"column":17},"end":{"line":46,"column":3}},"13":{"start":{"line":22,"column":16},"end":{"line":22,"column":27}},"14":{"start":{"line":23,"column":16},"end":{"line":23,"column":27}},"15":{"start":{"line":24,"column":16},"end":{"line":24,"column":27}},"16":{"start":{"line":25,"column":16},"end":{"line":25,"column":27}},"17":{"start":{"line":27,"column":15},"end":{"line":27,"column":65}},"18":{"start":{"line":28,"column":15},"end":{"line":28,"column":65}},"19":{"start":{"line":30,"column":15},"end":{"line":30,"column":47}},"20":{"start":{"line":31,"column":15},"end":{"line":31,"column":47}},"21":{"start":{"line":33,"column":16},"end":{"line":33,"column":27}},"22":{"start":{"line":34,"column":16},"end":{"line":34,"column":27}},"23":{"start":{"line":36,"column":14},"end":{"line":36,"column":28}},"24":{"start":{"line":37,"column":15},"end":{"line":37,"column":55}},"25":{"start":{"line":39,"column":15},"end":{"line":39,"column":26}},"26":{"start":{"line":40,"column":15},"end":{"line":40,"column":26}},"27":{"start":{"line":42,"column":4},"end":{"line":45,"column":6}},"28":{"start":{"line":58,"column":9},"end":{"line":93,"column":3}},"29":{"start":{"line":59,"column":18},"end":{"line":59,"column":20}},"30":{"start":{"line":60,"column":17},"end":{"line":60,"column":18}},"31":{"start":{"line":64,"column":4},"end":{"line":90,"column":5}},"32":{"start":{"line":65,"column":16},"end":{"line":65,"column":25}},"33":{"start":{"line":66,"column":17},"end":{"line":72,"column":7}},"34":{"start":{"line":73,"column":17},"end":{"line":79,"column":7}},"35":{"start":{"line":81,"column":6},"end":{"line":86,"column":7}},"36":{"start":{"line":82,"column":22},"end":{"line":82,"column":41}},"37":{"start":{"line":83,"column":22},"end":{"line":83,"column":41}},"38":{"start":{"line":85,"column":8},"end":{"line":85,"column":59}},"39":{"start":{"line":88,"column":6},"end":{"line":88,"column":14}},"40":{"start":{"line":89,"column":6},"end":{"line":89,"column":14}},"41":{"start":{"line":92,"column":4},"end":{"line":92,"column":18}},"42":{"start":{"line":96,"column":10},"end":{"line":108,"column":3}},"43":{"start":{"line":104,"column":4},"end":{"line":107,"column":55}},"44":{"start":{"line":109,"column":0},"end":{"line":109,"column":1}},"45":{"start":{"line":3,"column":13},"end":{"line":3,"column":19}}},"fnMap":{"0":{"name":"(anonymous_0)","decl":{"start":{"line":3,"column":0},"end":{"line":null,"column":-1}},"loc":{"start":{"line":3,"column":0},"end":{"line":3,"column":-1}}},"1":{"name":"Bezier","decl":{"start":{"line":48,"column":2},"end":{"line":49,"column":10}},"loc":{"start":{"line":54,"column":27},"end":{"line":55,"column":6}}},"2":{"name":"(anonymous_2)","decl":{"start":{"line":4,"column":2},"end":{"line":5,"column":3}},"loc":{"start":{"line":6,"column":42},"end":{"line":12,"column":3}}},"3":{"name":"(anonymous_3)","decl":{"start":{"line":14,"column":2},"end":{"line":15,"column":3}},"loc":{"start":{"line":17,"column":19},"end":{"line":46,"column":3}}},"4":{"name":"(anonymous_4)","decl":{"start":{"line":58,"column":2},"end":{"line":null,"column":-1}},"loc":{"start":{"line":58,"column":2},"end":{"line":93,"column":3}}},"5":{"name":"(anonymous_5)","decl":{"start":{"line":96,"column":2},"end":{"line":97,"column":3}},"loc":{"start":{"line":101,"column":15},"end":{"line":108,"column":3}}}},"branchMap":{"0":{"loc":{"start":{"line":81,"column":6},"end":{"line":86,"column":7}},"type":"if","locations":[{"start":{"line":81,"column":6},"end":{"line":86,"column":7}},{"start":{"line":81,"column":6},"end":{"line":86,"column":7}}]}},"s":{"0":2,"1":2,"2":72,"3":72,"4":72,"5":72,"6":72,"7":72,"8":2,"9":71,"10":71,"11":71,"12":2,"13":142,"14":142,"15":142,"16":142,"17":142,"18":142,"19":142,"20":142,"21":142,"22":142,"23":142,"24":142,"25":142,"26":142,"27":142,"28":2,"29":57,"30":57,"31":57,"32":627,"33":627,"34":627,"35":627,"36":570,"37":570,"38":570,"39":627,"40":627,"41":57,"42":2,"43":1254,"44":2,"45":2},"f":{"0":2,"1":72,"2":71,"3":142,"4":57,"5":1254},"b":{"0":[570,57]}}
,"E:\\GHN\\Projects\\signature_pad\\src\\point.ts": {"path":"E:\\GHN\\Projects\\signature_pad\\src\\point.ts","statementMap":{"0":{"start":{"line":8,"column":0},"end":{"line":30,"column":0}},"1":{"start":{"line":11,"column":21},"end":{"line":11,"column":30}},"2":{"start":{"line":11,"column":39},"end":{"line":11,"column":48}},"3":{"start":{"line":12,"column":4},"end":{"line":12,"column":35}},"4":{"start":{"line":15,"column":9},"end":{"line":19,"column":3}},"5":{"start":{"line":16,"column":4},"end":{"line":18,"column":6}},"6":{"start":{"line":21,"column":9},"end":{"line":23,"column":3}},"7":{"start":{"line":22,"column":4},"end":{"line":22,"column":80}},"8":{"start":{"line":25,"column":9},"end":{"line":29,"column":3}},"9":{"start":{"line":26,"column":4},"end":{"line":28,"column":10}},"10":{"start":{"line":30,"column":0},"end":{"line":30,"column":1}},"11":{"start":{"line":8,"column":13},"end":{"line":8,"column":18}}},"fnMap":{"0":{"name":"(anonymous_0)","decl":{"start":{"line":8,"column":0},"end":{"line":null,"column":-1}},"loc":{"start":{"line":8,"column":0},"end":{"line":8,"column":-1}}},"1":{"name":"Point","decl":{"start":{"line":11,"column":2},"end":{"line":11,"column":20}},"loc":{"start":{"line":11,"column":63},"end":{"line":13,"column":3}}},"2":{"name":"(anonymous_2)","decl":{"start":{"line":15,"column":2},"end":{"line":15,"column":19}},"loc":{"start":{"line":15,"column":38},"end":{"line":19,"column":3}}},"3":{"name":"(anonymous_3)","decl":{"start":{"line":21,"column":2},"end":{"line":21,"column":15}},"loc":{"start":{"line":21,"column":34},"end":{"line":23,"column":3}}},"4":{"name":"(anonymous_4)","decl":{"start":{"line":25,"column":2},"end":{"line":25,"column":21}},"loc":{"start":{"line":25,"column":40},"end":{"line":29,"column":3}}}},"branchMap":{"0":{"loc":{"start":{"line":12,"column":16},"end":{"line":12,"column":20}},"type":"binary-expr","locations":[{"start":{"line":12,"column":16},"end":{"line":12,"column":20}},{"start":{"line":12,"column":24},"end":{"line":12,"column":34}}]},"1":{"loc":{"start":{"line":22,"column":11},"end":{"line":22,"column":29}},"type":"binary-expr","locations":[{"start":{"line":22,"column":11},"end":{"line":22,"column":29}},{"start":{"line":22,"column":33},"end":{"line":22,"column":51}},{"start":{"line":22,"column":55},"end":{"line":22,"column":79}}]},"2":{"loc":{"start":{"line":27,"column":8},"end":{"line":27,"column":57}},"type":"cond-expr","locations":[{"start":{"line":27,"column":8},"end":{"line":27,"column":57}},{"start":{"line":28,"column":8},"end":{"line":28,"column":9}}]}},"s":{"0":3,"1":388,"2":388,"3":388,"4":3,"5":72,"6":3,"7":4,"8":3,"9":72,"10":3,"11":3},"f":{"0":3,"1":388,"2":72,"3":4,"4":72},"b":{"0":[388,294],"1":[4,3,2],"2":[71,1]}}
,"E:\\GHN\\Projects\\signature_pad\\src\\signature_pad.ts": {"path":"E:\\GHN\\Projects\\signature_pad\\src\\signature_pad.ts","statementMap":{"0":{"start":{"line":12,"column":0},"end":{"line":12,"column":33}},"1":{"start":{"line":13,"column":0},"end":{"line":13,"column":44}},"2":{"start":{"line":14,"column":0},"end":{"line":14,"column":37}},"3":{"start":{"line":41,"column":0},"end":{"line":591,"column":0}},"4":{"start":{"line":68,"column":12},"end":{"line":68,"column":34}},"5":{"start":{"line":66,"column":2},"end":{"line":102,"column":2}},"6":{"start":{"line":67,"column":12},"end":{"line":67,"column":37}},"7":{"start":{"line":210,"column":10},"end":{"line":215,"column":4}},"8":{"start":{"line":211,"column":4},"end":{"line":214,"column":5}},"9":{"start":{"line":212,"column":6},"end":{"line":212,"column":35}},"10":{"start":{"line":213,"column":6},"end":{"line":213,"column":31}},"11":{"start":{"line":217,"column":10},"end":{"line":221,"column":4}},"12":{"start":{"line":218,"column":4},"end":{"line":220,"column":5}},"13":{"start":{"line":219,"column":6},"end":{"line":219,"column":36}},"14":{"start":{"line":223,"column":10},"end":{"line":228,"column":4}},"15":{"start":{"line":224,"column":4},"end":{"line":227,"column":5}},"16":{"start":{"line":225,"column":6},"end":{"line":225,"column":36}},"17":{"start":{"line":226,"column":6},"end":{"line":226,"column":29}},"18":{"start":{"line":230,"column":10},"end":{"line":238,"column":4}},"19":{"start":{"line":232,"column":4},"end":{"line":232,"column":27}},"20":{"start":{"line":234,"column":4},"end":{"line":237,"column":5}},"21":{"start":{"line":235,"column":20},"end":{"line":235,"column":43}},"22":{"start":{"line":236,"column":6},"end":{"line":236,"column":31}},"23":{"start":{"line":240,"column":10},"end":{"line":246,"column":4}},"24":{"start":{"line":242,"column":4},"end":{"line":242,"column":27}},"25":{"start":{"line":244,"column":18},"end":{"line":244,"column":40}},"26":{"start":{"line":245,"column":4},"end":{"line":245,"column":34}},"27":{"start":{"line":248,"column":10},"end":{"line":256,"column":4}},"28":{"start":{"line":249,"column":29},"end":{"line":249,"column":57}},"29":{"start":{"line":250,"column":4},"end":{"line":255,"column":5}},"30":{"start":{"line":251,"column":6},"end":{"line":251,"column":29}},"31":{"start":{"line":253,"column":20},"end":{"line":253,"column":43}},"32":{"start":{"line":254,"column":6},"end":{"line":254,"column":29}},"33":{"start":{"line":70,"column":4},"end":{"line":70,"column":68}},"34":{"start":{"line":71,"column":4},"end":{"line":71,"column":44}},"35":{"start":{"line":72,"column":4},"end":{"line":72,"column":44}},"36":{"start":{"line":73,"column":4},"end":{"line":73,"column":78}},"37":{"start":{"line":74,"column":4},"end":{"line":76,"column":21}},"38":{"start":{"line":78,"column":4},"end":{"line":85,"column":5}},"39":{"start":{"line":79,"column":6},"end":{"line":82,"column":8}},"40":{"start":{"line":84,"column":6},"end":{"line":84,"column":68}},"41":{"start":{"line":87,"column":4},"end":{"line":91,"column":8}},"42":{"start":{"line":90,"column":8},"end":{"line":90,"column":51}},"43":{"start":{"line":92,"column":4},"end":{"line":92,"column":48}},"44":{"start":{"line":93,"column":4},"end":{"line":93,"column":70}},"45":{"start":{"line":94,"column":4},"end":{"line":94,"column":35}},"46":{"start":{"line":95,"column":4},"end":{"line":95,"column":31}},"47":{"start":{"line":97,"column":4},"end":{"line":97,"column":68}},"48":{"start":{"line":98,"column":4},"end":{"line":98,"column":17}},"49":{"start":{"line":101,"column":4},"end":{"line":101,"column":14}},"50":{"start":{"line":104,"column":9},"end":{"line":116,"column":3}},"51":{"start":{"line":105,"column":16},"end":{"line":105,"column":25}},"52":{"start":{"line":106,"column":19},"end":{"line":106,"column":30}},"53":{"start":{"line":109,"column":4},"end":{"line":109,"column":41}},"54":{"start":{"line":110,"column":4},"end":{"line":110,"column":53}},"55":{"start":{"line":111,"column":4},"end":{"line":111,"column":52}},"56":{"start":{"line":113,"column":4},"end":{"line":113,"column":20}},"57":{"start":{"line":114,"column":4},"end":{"line":114,"column":18}},"58":{"start":{"line":115,"column":4},"end":{"line":115,"column":25}},"59":{"start":{"line":118,"column":9},"end":{"line":144,"column":3}},"60":{"start":{"line":118,"column":2},"end":{"line":144,"column":2}},"61":{"start":{"line":120,"column":4},"end":{"line":120,"column":69}},"62":{"start":{"line":123,"column":18},"end":{"line":123,"column":29}},"63":{"start":{"line":124,"column":18},"end":{"line":124,"column":63}},"64":{"start":{"line":125,"column":18},"end":{"line":125,"column":60}},"65":{"start":{"line":126,"column":19},"end":{"line":126,"column":63}},"66":{"start":{"line":128,"column":4},"end":{"line":128,"column":18}},"67":{"start":{"line":130,"column":4},"end":{"line":135,"column":6}},"68":{"start":{"line":131,"column":6},"end":{"line":131,"column":54}},"69":{"start":{"line":132,"column":6},"end":{"line":134,"column":7}},"70":{"start":{"line":133,"column":8},"end":{"line":133,"column":19}},"71":{"start":{"line":136,"column":4},"end":{"line":140,"column":6}},"72":{"start":{"line":137,"column":6},"end":{"line":139,"column":7}},"73":{"start":{"line":138,"column":8},"end":{"line":138,"column":24}},"74":{"start":{"line":141,"column":4},"end":{"line":141,"column":24}},"75":{"start":{"line":143,"column":4},"end":{"line":143,"column":26}},"76":{"start":{"line":146,"column":9},"end":{"line":153,"column":3}},"77":{"start":{"line":146,"column":19},"end":{"line":146,"column":37}},"78":{"start":{"line":147,"column":4},"end":{"line":152,"column":5}},"79":{"start":{"line":149,"column":8},"end":{"line":149,"column":29}},"80":{"start":{"line":151,"column":8},"end":{"line":151,"column":59}},"81":{"start":{"line":155,"column":9},"end":{"line":169,"column":3}},"82":{"start":{"line":157,"column":4},"end":{"line":157,"column":43}},"83":{"start":{"line":158,"column":4},"end":{"line":158,"column":45}},"84":{"start":{"line":160,"column":4},"end":{"line":168,"column":5}},"85":{"start":{"line":161,"column":6},"end":{"line":161,"column":34}},"86":{"start":{"line":163,"column":6},"end":{"line":163,"column":32}},"87":{"start":{"line":165,"column":6},"end":{"line":167,"column":7}},"88":{"start":{"line":166,"column":8},"end":{"line":166,"column":34}},"89":{"start":{"line":171,"column":9},"end":{"line":187,"column":3}},"90":{"start":{"line":173,"column":4},"end":{"line":173,"column":43}},"91":{"start":{"line":174,"column":4},"end":{"line":174,"column":45}},"92":{"start":{"line":176,"column":4},"end":{"line":176,"column":74}},"93":{"start":{"line":177,"column":4},"end":{"line":177,"column":74}},"94":{"start":{"line":178,"column":4},"end":{"line":178,"column":67}},"95":{"start":{"line":180,"column":4},"end":{"line":180,"column":72}},"96":{"start":{"line":181,"column":4},"end":{"line":181,"column":72}},"97":{"start":{"line":182,"column":4},"end":{"line":182,"column":65}},"98":{"start":{"line":184,"column":4},"end":{"line":184,"column":74}},"99":{"start":{"line":185,"column":4},"end":{"line":185,"column":72}},"100":{"start":{"line":186,"column":4},"end":{"line":186,"column":70}},"101":{"start":{"line":189,"column":9},"end":{"line":191,"column":3}},"102":{"start":{"line":190,"column":4},"end":{"line":190,"column":25}},"103":{"start":{"line":193,"column":9},"end":{"line":203,"column":3}},"104":{"start":{"line":193,"column":2},"end":{"line":203,"column":2}},"105":{"start":{"line":194,"column":4},"end":{"line":194,"column":17}},"106":{"start":{"line":196,"column":4},"end":{"line":200,"column":6}},"107":{"start":{"line":198,"column":9},"end":{"line":198,"column":14}},"108":{"start":{"line":198,"column":16},"end":{"line":198,"column":21}},"109":{"start":{"line":198,"column":28},"end":{"line":198,"column":61}},"110":{"start":{"line":199,"column":9},"end":{"line":199,"column":14}},"111":{"start":{"line":199,"column":16},"end":{"line":199,"column":21}},"112":{"start":{"line":199,"column":28},"end":{"line":199,"column":59}},"113":{"start":{"line":202,"column":4},"end":{"line":202,"column":29}},"114":{"start":{"line":205,"column":9},"end":{"line":207,"column":3}},"115":{"start":{"line":206,"column":4},"end":{"line":206,"column":22}},"116":{"start":{"line":259,"column":10},"end":{"line":272,"column":3}},"117":{"start":{"line":260,"column":26},"end":{"line":263,"column":5}},"118":{"start":{"line":265,"column":4},"end":{"line":267,"column":5}},"119":{"start":{"line":266,"column":6},"end":{"line":266,"column":26}},"120":{"start":{"line":269,"column":4},"end":{"line":269,"column":35}},"121":{"start":{"line":270,"column":4},"end":{"line":270,"column":18}},"122":{"start":{"line":271,"column":4},"end":{"line":271,"column":30}},"123":{"start":{"line":274,"column":10},"end":{"line":304,"column":3}},"124":{"start":{"line":275,"column":14},"end":{"line":275,"column":27}},"125":{"start":{"line":276,"column":14},"end":{"line":276,"column":27}},"126":{"start":{"line":278,"column":18},"end":{"line":278,"column":41}},"127":{"start":{"line":279,"column":27},"end":{"line":279,"column":60}},"128":{"start":{"line":280,"column":23},"end":{"line":280,"column":44}},"129":{"start":{"line":282,"column":6},"end":{"line":282,"column":64}},"130":{"start":{"line":283,"column":32},"end":{"line":285,"column":13}},"131":{"start":{"line":286,"column":18},"end":{"line":286,"column":38}},"132":{"start":{"line":289,"column":4},"end":{"line":303,"column":5}},"133":{"start":{"line":290,"column":20},"end":{"line":290,"column":41}},"134":{"start":{"line":292,"column":6},"end":{"line":296,"column":7}},"135":{"start":{"line":293,"column":8},"end":{"line":293,"column":40}},"136":{"start":{"line":294,"column":13},"end":{"line":296,"column":7}},"137":{"start":{"line":295,"column":8},"end":{"line":295,"column":42}},"138":{"start":{"line":298,"column":6},"end":{"line":302,"column":9}},"139":{"start":{"line":306,"column":10},"end":{"line":312,"column":3}},"140":{"start":{"line":307,"column":4},"end":{"line":307,"column":30}},"141":{"start":{"line":309,"column":4},"end":{"line":311,"column":5}},"142":{"start":{"line":310,"column":6},"end":{"line":310,"column":24}},"143":{"start":{"line":314,"column":10},"end":{"line":320,"column":3}},"144":{"start":{"line":315,"column":4},"end":{"line":315,"column":34}},"145":{"start":{"line":317,"column":4},"end":{"line":317,"column":71}},"146":{"start":{"line":318,"column":4},"end":{"line":318,"column":71}},"147":{"start":{"line":319,"column":4},"end":{"line":319,"column":64}},"148":{"start":{"line":322,"column":10},"end":{"line":328,"column":3}},"149":{"start":{"line":323,"column":4},"end":{"line":323,"column":34}},"150":{"start":{"line":325,"column":4},"end":{"line":325,"column":69}},"151":{"start":{"line":326,"column":4},"end":{"line":326,"column":69}},"152":{"start":{"line":327,"column":4},"end":{"line":327,"column":62}},"153":{"start":{"line":330,"column":10},"end":{"line":334,"column":3}},"154":{"start":{"line":331,"column":4},"end":{"line":331,"column":71}},"155":{"start":{"line":332,"column":4},"end":{"line":332,"column":69}},"156":{"start":{"line":333,"column":4},"end":{"line":333,"column":67}},"157":{"start":{"line":337,"column":10},"end":{"line":342,"column":3}},"158":{"start":{"line":338,"column":4},"end":{"line":338,"column":26}},"159":{"start":{"line":339,"column":4},"end":{"line":339,"column":27}},"160":{"start":{"line":340,"column":4},"end":{"line":340,"column":58}},"161":{"start":{"line":341,"column":4},"end":{"line":341,"column":40}},"162":{"start":{"line":344,"column":10},"end":{"line":348,"column":3}},"163":{"start":{"line":345,"column":17},"end":{"line":345,"column":52}},"164":{"start":{"line":347,"column":4},"end":{"line":347,"column":72}},"165":{"start":{"line":351,"column":10},"end":{"line":374,"column":3}},"166":{"start":{"line":352,"column":12},"end":{"line":352,"column":23}},"167":{"start":{"line":354,"column":4},"end":{"line":354,"column":28}},"168":{"start":{"line":356,"column":4},"end":{"line":371,"column":5}},"169":{"start":{"line":359,"column":6},"end":{"line":361,"column":7}},"170":{"start":{"line":360,"column":8},"end":{"line":360,"column":44}},"171":{"start":{"line":364,"column":21},"end":{"line":364,"column":79}},"172":{"start":{"line":365,"column":20},"end":{"line":365,"column":58}},"173":{"start":{"line":368,"column":6},"end":{"line":368,"column":26}},"174":{"start":{"line":370,"column":6},"end":{"line":370,"column":19}},"175":{"start":{"line":373,"column":4},"end":{"line":373,"column":16}},"176":{"start":{"line":376,"column":10},"end":{"line":395,"column":3}},"177":{"start":{"line":381,"column":6},"end":{"line":382,"column":58}},"178":{"start":{"line":384,"column":21},"end":{"line":384,"column":48}},"179":{"start":{"line":386,"column":19},"end":{"line":389,"column":5}},"180":{"start":{"line":391,"column":4},"end":{"line":391,"column":34}},"181":{"start":{"line":392,"column":4},"end":{"line":392,"column":31}},"182":{"start":{"line":394,"column":4},"end":{"line":394,"column":18}},"183":{"start":{"line":397,"column":10},"end":{"line":399,"column":3}},"184":{"start":{"line":398,"column":4},"end":{"line":398,"column":67}},"185":{"start":{"line":401,"column":10},"end":{"line":407,"column":3}},"186":{"start":{"line":402,"column":16},"end":{"line":402,"column":25}},"187":{"start":{"line":404,"column":4},"end":{"line":404,"column":21}},"188":{"start":{"line":405,"column":4},"end":{"line":405,"column":48}},"189":{"start":{"line":406,"column":4},"end":{"line":406,"column":26}},"190":{"start":{"line":409,"column":10},"end":{"line":444,"column":3}},"191":{"start":{"line":409,"column":23},"end":{"line":409,"column":28}},"192":{"start":{"line":409,"column":30},"end":{"line":409,"column":35}},"193":{"start":{"line":410,"column":16},"end":{"line":410,"column":25}},"194":{"start":{"line":411,"column":23},"end":{"line":411,"column":56}},"195":{"start":{"line":414,"column":22},"end":{"line":414,"column":52}},"196":{"start":{"line":416,"column":4},"end":{"line":416,"column":20}},"197":{"start":{"line":417,"column":4},"end":{"line":417,"column":26}},"198":{"start":{"line":419,"column":4},"end":{"line":440,"column":5}},"199":{"start":{"line":421,"column":16},"end":{"line":421,"column":29}},"200":{"start":{"line":422,"column":17},"end":{"line":422,"column":22}},"201":{"start":{"line":423,"column":18},"end":{"line":423,"column":24}},"202":{"start":{"line":424,"column":16},"end":{"line":424,"column":21}},"203":{"start":{"line":425,"column":17},"end":{"line":425,"column":22}},"204":{"start":{"line":426,"column":18},"end":{"line":426,"column":24}},"205":{"start":{"line":428,"column":14},"end":{"line":428,"column":38}},"206":{"start":{"line":429,"column":6},"end":{"line":429,"column":41}},"207":{"start":{"line":430,"column":6},"end":{"line":430,"column":41}},"208":{"start":{"line":431,"column":6},"end":{"line":431,"column":34}},"209":{"start":{"line":433,"column":14},"end":{"line":433,"column":38}},"210":{"start":{"line":434,"column":6},"end":{"line":434,"column":41}},"211":{"start":{"line":435,"column":6},"end":{"line":435,"column":41}},"212":{"start":{"line":436,"column":6},"end":{"line":436,"column":34}},"213":{"start":{"line":438,"column":20},"end":{"line":438,"column":80}},"214":{"start":{"line":439,"column":6},"end":{"line":439,"column":42}},"215":{"start":{"line":442,"column":4},"end":{"line":442,"column":20}},"216":{"start":{"line":443,"column":4},"end":{"line":443,"column":15}},"217":{"start":{"line":446,"column":10},"end":{"line":462,"column":3}},"218":{"start":{"line":447,"column":4},"end":{"line":447,"column":9}},"219":{"start":{"line":448,"column":4},"end":{"line":448,"column":9}},"220":{"start":{"line":453,"column":16},"end":{"line":453,"column":25}},"221":{"start":{"line":455,"column":6},"end":{"line":455,"column":72}},"222":{"start":{"line":457,"column":4},"end":{"line":457,"column":20}},"223":{"start":{"line":458,"column":4},"end":{"line":458,"column":52}},"224":{"start":{"line":459,"column":4},"end":{"line":459,"column":20}},"225":{"start":{"line":460,"column":4},"end":{"line":460,"column":26}},"226":{"start":{"line":461,"column":4},"end":{"line":461,"column":15}},"227":{"start":{"line":464,"column":10},"end":{"line":500,"column":3}},"228":{"start":{"line":469,"column":4},"end":{"line":499,"column":5}},"229":{"start":{"line":469,"column":20},"end":{"line":469,"column":19}},"230":{"start":{"line":470,"column":14},"end":{"line":470,"column":19}},"231":{"start":{"line":470,"column":21},"end":{"line":470,"column":27}},"232":{"start":{"line":472,"column":6},"end":{"line":498,"column":7}},"233":{"start":{"line":473,"column":8},"end":{"line":490,"column":9}},"234":{"start":{"line":474,"column":29},"end":{"line":474,"column":38}},"235":{"start":{"line":475,"column":24},"end":{"line":475,"column":78}},"236":{"start":{"line":479,"column":10},"end":{"line":479,"column":32}},"237":{"start":{"line":481,"column":10},"end":{"line":483,"column":11}},"238":{"start":{"line":482,"column":12},"end":{"line":482,"column":26}},"239":{"start":{"line":485,"column":24},"end":{"line":485,"column":45}},"240":{"start":{"line":487,"column":10},"end":{"line":489,"column":11}},"241":{"start":{"line":488,"column":12},"end":{"line":488,"column":40}},"242":{"start":{"line":492,"column":8},"end":{"line":492,"column":22}},"243":{"start":{"line":494,"column":8},"end":{"line":497,"column":11}},"244":{"start":{"line":502,"column":10},"end":{"line":590,"column":3}},"245":{"start":{"line":502,"column":2},"end":{"line":590,"column":2}},"246":{"start":{"line":503,"column":24},"end":{"line":503,"column":34}},"247":{"start":{"line":504,"column":18},"end":{"line":504,"column":59}},"248":{"start":{"line":505,"column":17},"end":{"line":505,"column":18}},"249":{"start":{"line":506,"column":17},"end":{"line":506,"column":18}},"250":{"start":{"line":507,"column":17},"end":{"line":507,"column":42}},"251":{"start":{"line":508,"column":17},"end":{"line":508,"column":43}},"252":{"start":{"line":509,"column":16},"end":{"line":509,"column":77}},"253":{"start":{"line":511,"column":4},"end":{"line":511,"column":60}},"254":{"start":{"line":512,"column":4},"end":{"line":512,"column":62}},"255":{"start":{"line":514,"column":4},"end":{"line":559,"column":6}},"256":{"start":{"line":517,"column":9},"end":{"line":517,"column":14}},"257":{"start":{"line":517,"column":16},"end":{"line":517,"column":21}},"258":{"start":{"line":518,"column":21},"end":{"line":518,"column":51}},"259":{"start":{"line":524,"column":8},"end":{"line":544,"column":9}},"260":{"start":{"line":531,"column":12},"end":{"line":536,"column":75}},"261":{"start":{"line":537,"column":10},"end":{"line":537,"column":39}},"262":{"start":{"line":538,"column":10},"end":{"line":538,"column":80}},"263":{"start":{"line":539,"column":10},"end":{"line":539,"column":45}},"264":{"start":{"line":540,"column":10},"end":{"line":540,"column":44}},"265":{"start":{"line":541,"column":10},"end":{"line":541,"column":55}},"266":{"start":{"line":543,"column":10},"end":{"line":543,"column":32}},"267":{"start":{"line":548,"column":9},"end":{"line":548,"column":14}},"268":{"start":{"line":548,"column":16},"end":{"line":548,"column":21}},"269":{"start":{"line":549,"column":23},"end":{"line":549,"column":55}},"270":{"start":{"line":551,"column":10},"end":{"line":551,"column":76}},"271":{"start":{"line":552,"column":8},"end":{"line":552,"column":53}},"272":{"start":{"line":553,"column":8},"end":{"line":553,"column":54}},"273":{"start":{"line":554,"column":8},"end":{"line":554,"column":54}},"274":{"start":{"line":555,"column":8},"end":{"line":555,"column":43}},"275":{"start":{"line":557,"column":8},"end":{"line":557,"column":32}},"276":{"start":{"line":561,"column":19},"end":{"line":561,"column":47}},"277":{"start":{"line":563,"column":6},"end":{"line":569,"column":9}},"278":{"start":{"line":570,"column":15},"end":{"line":570,"column":28}},"279":{"start":{"line":573,"column":4},"end":{"line":584,"column":5}},"280":{"start":{"line":574,"column":20},"end":{"line":574,"column":51}},"281":{"start":{"line":575,"column":20},"end":{"line":575,"column":34}},"282":{"start":{"line":576,"column":6},"end":{"line":576,"column":27}},"283":{"start":{"line":579,"column":6},"end":{"line":581,"column":7}},"284":{"start":{"line":580,"column":8},"end":{"line":580,"column":52}},"285":{"start":{"line":583,"column":6},"end":{"line":583,"column":29}},"286":{"start":{"line":586,"column":19},"end":{"line":586,"column":27}},"287":{"start":{"line":587,"column":17},"end":{"line":587,"column":39}},"288":{"start":{"line":589,"column":4},"end":{"line":589,"column":31}},"289":{"start":{"line":591,"column":0},"end":{"line":591,"column":1}}},"fnMap":{"0":{"name":"(anonymous_0)","decl":{"start":{"line":41,"column":0},"end":{"line":null,"column":-1}},"loc":{"start":{"line":41,"column":0},"end":{"line":41,"column":-1}}},"1":{"name":"SignaturePad","decl":{"start":{"line":66,"column":2},"end":{"line":67,"column":11}},"loc":{"start":{"line":68,"column":34},"end":{"line":102,"column":3}}},"2":{"name":"(anonymous_2)","decl":{"start":{"line":210,"column":29},"end":{"line":210,"column":29}},"loc":{"start":{"line":210,"column":47},"end":{"line":215,"column":3}}},"3":{"name":"(anonymous_3)","decl":{"start":{"line":217,"column":29},"end":{"line":217,"column":29}},"loc":{"start":{"line":217,"column":47},"end":{"line":221,"column":3}}},"4":{"name":"(anonymous_4)","decl":{"start":{"line":223,"column":27},"end":{"line":223,"column":27}},"loc":{"start":{"line":223,"column":45},"end":{"line":228,"column":3}}},"5":{"name":"(anonymous_5)","decl":{"start":{"line":230,"column":30},"end":{"line":230,"column":30}},"loc":{"start":{"line":230,"column":48},"end":{"line":238,"column":3}}},"6":{"name":"(anonymous_6)","decl":{"start":{"line":240,"column":29},"end":{"line":240,"column":29}},"loc":{"start":{"line":240,"column":47},"end":{"line":246,"column":3}}},"7":{"name":"(anonymous_7)","decl":{"start":{"line":248,"column":28},"end":{"line":248,"column":28}},"loc":{"start":{"line":248,"column":46},"end":{"line":256,"column":3}}},"8":{"name":"dotSize","decl":{"start":{"line":89,"column":6},"end":{"line":null,"column":-1}},"loc":{"start":{"line":89,"column":6},"end":{"line":91,"column":7}}},"9":{"name":"(anonymous_9)","decl":{"start":{"line":104,"column":2},"end":{"line":null,"column":-1}},"loc":{"start":{"line":104,"column":2},"end":{"line":116,"column":3}}},"10":{"name":"(anonymous_10)","decl":{"start":{"line":118,"column":2},"end":{"line":119,"column":3}},"loc":{"start":{"line":121,"column":43},"end":{"line":144,"column":3}}},"11":{"name":"(anonymous_11)","decl":{"start":{"line":130,"column":19},"end":{"line":null,"column":-1}},"loc":{"start":{"line":130,"column":19},"end":{"line":135,"column":5}}},"12":{"name":"(anonymous_12)","decl":{"start":{"line":136,"column":20},"end":{"line":136,"column":20}},"loc":{"start":{"line":136,"column":26},"end":{"line":140,"column":5}}},"13":{"name":"(anonymous_13)","decl":{"start":{"line":146,"column":2},"end":{"line":146,"column":18}},"loc":{"start":{"line":146,"column":62},"end":{"line":153,"column":3}}},"14":{"name":"(anonymous_14)","decl":{"start":{"line":155,"column":2},"end":{"line":null,"column":-1}},"loc":{"start":{"line":155,"column":2},"end":{"line":169,"column":3}}},"15":{"name":"(anonymous_15)","decl":{"start":{"line":171,"column":2},"end":{"line":null,"column":-1}},"loc":{"start":{"line":171,"column":2},"end":{"line":187,"column":3}}},"16":{"name":"(anonymous_16)","decl":{"start":{"line":189,"column":2},"end":{"line":null,"column":-1}},"loc":{"start":{"line":189,"column":2},"end":{"line":191,"column":3}}},"17":{"name":"(anonymous_17)","decl":{"start":{"line":193,"column":2},"end":{"line":193,"column":17}},"loc":{"start":{"line":193,"column":44},"end":{"line":203,"column":3}}},"18":{"name":"(anonymous_18)","decl":{"start":{"line":198,"column":6},"end":{"line":198,"column":6}},"loc":{"start":{"line":198,"column":23},"end":{"line":198,"column":61}}},"19":{"name":"(anonymous_19)","decl":{"start":{"line":199,"column":6},"end":{"line":199,"column":6}},"loc":{"start":{"line":199,"column":23},"end":{"line":199,"column":59}}},"20":{"name":"(anonymous_20)","decl":{"start":{"line":205,"column":2},"end":{"line":null,"column":-1}},"loc":{"start":{"line":205,"column":2},"end":{"line":207,"column":3}}},"21":{"name":"(anonymous_21)","decl":{"start":{"line":259,"column":2},"end":{"line":259,"column":22}},"loc":{"start":{"line":259,"column":48},"end":{"line":272,"column":3}}},"22":{"name":"(anonymous_22)","decl":{"start":{"line":274,"column":2},"end":{"line":274,"column":23}},"loc":{"start":{"line":274,"column":49},"end":{"line":304,"column":3}}},"23":{"name":"(anonymous_23)","decl":{"start":{"line":306,"column":2},"end":{"line":306,"column":20}},"loc":{"start":{"line":306,"column":46},"end":{"line":312,"column":3}}},"24":{"name":"(anonymous_24)","decl":{"start":{"line":314,"column":2},"end":{"line":null,"column":-1}},"loc":{"start":{"line":314,"column":2},"end":{"line":320,"column":3}}},"25":{"name":"(anonymous_25)","decl":{"start":{"line":322,"column":2},"end":{"line":null,"column":-1}},"loc":{"start":{"line":322,"column":2},"end":{"line":328,"column":3}}},"26":{"name":"(anonymous_26)","decl":{"start":{"line":330,"column":2},"end":{"line":null,"column":-1}},"loc":{"start":{"line":330,"column":2},"end":{"line":334,"column":3}}},"27":{"name":"(anonymous_27)","decl":{"start":{"line":337,"column":2},"end":{"line":null,"column":-1}},"loc":{"start":{"line":337,"column":2},"end":{"line":342,"column":3}}},"28":{"name":"(anonymous_28)","decl":{"start":{"line":344,"column":2},"end":{"line":344,"column":22}},"loc":{"start":{"line":344,"column":43},"end":{"line":348,"column":3}}},"29":{"name":"(anonymous_29)","decl":{"start":{"line":351,"column":2},"end":{"line":351,"column":19}},"loc":{"start":{"line":351,"column":32},"end":{"line":374,"column":3}}},"30":{"name":"(anonymous_30)","decl":{"start":{"line":376,"column":2},"end":{"line":377,"column":3}},"loc":{"start":{"line":378,"column":19},"end":{"line":395,"column":3}}},"31":{"name":"(anonymous_31)","decl":{"start":{"line":397,"column":2},"end":{"line":397,"column":22}},"loc":{"start":{"line":397,"column":39},"end":{"line":399,"column":3}}},"32":{"name":"(anonymous_32)","decl":{"start":{"line":401,"column":2},"end":{"line":401,"column":27}},"loc":{"start":{"line":401,"column":63},"end":{"line":407,"column":3}}},"33":{"name":"(anonymous_33)","decl":{"start":{"line":409,"column":2},"end":{"line":409,"column":20}},"loc":{"start":{"line":409,"column":71},"end":{"line":444,"column":3}}},"34":{"name":"(anonymous_34)","decl":{"start":{"line":446,"column":2},"end":{"line":446,"column":18}},"loc":{"start":{"line":452,"column":3},"end":{"line":462,"column":3}}},"35":{"name":"(anonymous_35)","decl":{"start":{"line":464,"column":2},"end":{"line":465,"column":3}},"loc":{"start":{"line":467,"column":37},"end":{"line":500,"column":3}}},"36":{"name":"(anonymous_36)","decl":{"start":{"line":502,"column":2},"end":{"line":null,"column":-1}},"loc":{"start":{"line":502,"column":2},"end":{"line":590,"column":3}}},"37":{"name":"(anonymous_37)","decl":{"start":{"line":517,"column":6},"end":{"line":517,"column":6}},"loc":{"start":{"line":517,"column":57},"end":{"line":546,"column":7}}},"38":{"name":"(anonymous_38)","decl":{"start":{"line":548,"column":6},"end":{"line":548,"column":6}},"loc":{"start":{"line":548,"column":62},"end":{"line":558,"column":7}}}},"branchMap":{"0":{"loc":{"start":{"line":68,"column":12},"end":{"line":68,"column":34}},"type":"if","locations":[{"start":{"line":68,"column":12},"end":{"line":68,"column":34}},{"start":{"line":68,"column":12},"end":{"line":68,"column":34}}]},"1":{"loc":{"start":{"line":211,"column":4},"end":{"line":214,"column":5}},"type":"if","locations":[{"start":{"line":211,"column":4},"end":{"line":214,"column":5}},{"start":{"line":211,"column":4},"end":{"line":214,"column":5}}]},"2":{"loc":{"start":{"line":218,"column":4},"end":{"line":220,"column":5}},"type":"if","locations":[{"start":{"line":218,"column":4},"end":{"line":220,"column":5}},{"start":{"line":218,"column":4},"end":{"line":220,"column":5}}]},"3":{"loc":{"start":{"line":224,"column":4},"end":{"line":227,"column":5}},"type":"if","locations":[{"start":{"line":224,"column":4},"end":{"line":227,"column":5}},{"start":{"line":224,"column":4},"end":{"line":227,"column":5}}]},"4":{"loc":{"start":{"line":224,"column":8},"end":{"line":224,"column":25}},"type":"binary-expr","locations":[{"start":{"line":224,"column":8},"end":{"line":224,"column":25}},{"start":{"line":224,"column":29},"end":{"line":224,"column":50}}]},"5":{"loc":{"start":{"line":234,"column":4},"end":{"line":237,"column":5}},"type":"if","locations":[{"start":{"line":234,"column":4},"end":{"line":237,"column":5}},{"start":{"line":234,"column":4},"end":{"line":237,"column":5}}]},"6":{"loc":{"start":{"line":250,"column":4},"end":{"line":255,"column":5}},"type":"if","locations":[{"start":{"line":250,"column":4},"end":{"line":255,"column":5}},{"start":{"line":250,"column":4},"end":{"line":255,"column":5}}]},"7":{"loc":{"start":{"line":70,"column":32},"end":{"line":70,"column":60}},"type":"binary-expr","locations":[{"start":{"line":70,"column":32},"end":{"line":70,"column":60}},{"start":{"line":70,"column":64},"end":{"line":70,"column":67}}]},"8":{"loc":{"start":{"line":71,"column":20},"end":{"line":71,"column":36}},"type":"binary-expr","locations":[{"start":{"line":71,"column":20},"end":{"line":71,"column":36}},{"start":{"line":71,"column":40},"end":{"line":71,"column":43}}]},"9":{"loc":{"start":{"line":72,"column":20},"end":{"line":72,"column":36}},"type":"binary-expr","locations":[{"start":{"line":72,"column":20},"end":{"line":72,"column":36}},{"start":{"line":72,"column":40},"end":{"line":72,"column":43}}]},"10":{"loc":{"start":{"line":73,"column":45},"end":{"line":73,"column":61}},"type":"cond-expr","locations":[{"start":{"line":73,"column":45},"end":{"line":73,"column":61}},{"start":{"line":73,"column":64},"end":{"line":73,"column":66}}]},"11":{"loc":{"start":{"line":75,"column":8},"end":{"line":75,"column":27}},"type":"cond-expr","locations":[{"start":{"line":75,"column":8},"end":{"line":75,"column":27}},{"start":{"line":76,"column":8},"end":{"line":76,"column":9}}]},"12":{"loc":{"start":{"line":78,"column":4},"end":{"line":85,"column":5}},"type":"if","locations":[{"start":{"line":78,"column":4},"end":{"line":85,"column":5}},{"start":{"line":78,"column":4},"end":{"line":85,"column":5}}]},"13":{"loc":{"start":{"line":88,"column":6},"end":{"line":88,"column":21}},"type":"binary-expr","locations":[{"start":{"line":88,"column":6},"end":{"line":88,"column":21}},{"start":{"line":89,"column":6},"end":{"line":91,"column":7}}]},"14":{"loc":{"start":{"line":92,"column":20},"end":{"line":92,"column":36}},"type":"binary-expr","locations":[{"start":{"line":92,"column":20},"end":{"line":92,"column":36}},{"start":{"line":92,"column":40},"end":{"line":92,"column":47}}]},"15":{"loc":{"start":{"line":93,"column":27},"end":{"line":93,"column":50}},"type":"binary-expr","locations":[{"start":{"line":93,"column":27},"end":{"line":93,"column":50}},{"start":{"line":93,"column":54},"end":{"line":93,"column":69}}]},"16":{"loc":{"start":{"line":120,"column":4},"end":{"line":120,"column":69}},"type":"if","locations":[{"start":{"line":120,"column":4},"end":{"line":120,"column":69}},{"start":{"line":120,"column":4},"end":{"line":120,"column":69}}]},"17":{"loc":{"start":{"line":124,"column":18},"end":{"line":124,"column":31}},"type":"binary-expr","locations":[{"start":{"line":124,"column":18},"end":{"line":124,"column":31}},{"start":{"line":124,"column":35},"end":{"line":124,"column":58}},{"start":{"line":124,"column":62},"end":{"line":124,"column":63}}]},"18":{"loc":{"start":{"line":125,"column":18},"end":{"line":125,"column":31}},"type":"binary-expr","locations":[{"start":{"line":125,"column":18},"end":{"line":125,"column":31}},{"start":{"line":125,"column":35},"end":{"line":125,"column":60}}]},"19":{"loc":{"start":{"line":126,"column":19},"end":{"line":126,"column":33}},"type":"binary-expr","locations":[{"start":{"line":126,"column":19},"end":{"line":126,"column":33}},{"start":{"line":126,"column":37},"end":{"line":126,"column":63}}]},"20":{"loc":{"start":{"line":132,"column":6},"end":{"line":134,"column":7}},"type":"if","locations":[{"start":{"line":132,"column":6},"end":{"line":134,"column":7}},{"start":{"line":132,"column":6},"end":{"line":134,"column":7}}]},"21":{"loc":{"start":{"line":137,"column":6},"end":{"line":139,"column":7}},"type":"if","locations":[{"start":{"line":137,"column":6},"end":{"line":139,"column":7}},{"start":{"line":137,"column":6},"end":{"line":139,"column":7}}]},"22":{"loc":{"start":{"line":146,"column":19},"end":{"line":146,"column":37}},"type":"if","locations":[{"start":{"line":146,"column":19},"end":{"line":146,"column":37}},{"start":{"line":146,"column":19},"end":{"line":146,"column":37}}]},"23":{"loc":{"start":{"line":148,"column":6},"end":{"line":149,"column":29}},"type":"switch","locations":[{"start":{"line":148,"column":6},"end":{"line":149,"column":29}},{"start":{"line":150,"column":6},"end":{"line":151,"column":59}}]},"24":{"loc":{"start":{"line":160,"column":4},"end":{"line":168,"column":5}},"type":"if","locations":[{"start":{"line":160,"column":4},"end":{"line":168,"column":5}},{"start":{"line":160,"column":4},"end":{"line":168,"column":5}}]},"25":{"loc":{"start":{"line":165,"column":6},"end":{"line":167,"column":7}},"type":"if","locations":[{"start":{"line":165,"column":6},"end":{"line":167,"column":7}},{"start":{"line":165,"column":6},"end":{"line":167,"column":7}}]},"26":{"loc":{"start":{"line":265,"column":4},"end":{"line":267,"column":5}},"type":"if","locations":[{"start":{"line":265,"column":4},"end":{"line":267,"column":5}},{"start":{"line":265,"column":4},"end":{"line":267,"column":5}}]},"27":{"loc":{"start":{"line":282,"column":6},"end":{"line":282,"column":27}},"type":"binary-expr","locations":[{"start":{"line":282,"column":6},"end":{"line":282,"column":27}},{"start":{"line":282,"column":31},"end":{"line":282,"column":64}}]},"28":{"loc":{"start":{"line":284,"column":8},"end":{"line":284,"column":55}},"type":"cond-expr","locations":[{"start":{"line":284,"column":8},"end":{"line":284,"column":55}},{"start":{"line":285,"column":8},"end":{"line":285,"column":13}}]},"29":{"loc":{"start":{"line":289,"column":4},"end":{"line":303,"column":5}},"type":"if","locations":[{"start":{"line":289,"column":4},"end":{"line":303,"column":5}},{"start":{"line":289,"column":4},"end":{"line":303,"column":5}}]},"30":{"loc":{"start":{"line":289,"column":8},"end":{"line":289,"column":18}},"type":"binary-expr","locations":[{"start":{"line":289,"column":8},"end":{"line":289,"column":18}},{"start":{"line":289,"column":22},"end":{"line":289,"column":57}}]},"31":{"loc":{"start":{"line":289,"column":24},"end":{"line":289,"column":33}},"type":"binary-expr","locations":[{"start":{"line":289,"column":24},"end":{"line":289,"column":33}},{"start":{"line":289,"column":37},"end":{"line":289,"column":56}}]},"32":{"loc":{"start":{"line":292,"column":6},"end":{"line":296,"column":7}},"type":"if","locations":[{"start":{"line":292,"column":6},"end":{"line":296,"column":7}},{"start":{"line":292,"column":6},"end":{"line":296,"column":7}}]},"33":{"loc":{"start":{"line":294,"column":13},"end":{"line":296,"column":7}},"type":"if","locations":[{"start":{"line":294,"column":13},"end":{"line":296,"column":7}},{"start":{"line":294,"column":13},"end":{"line":296,"column":7}}]},"34":{"loc":{"start":{"line":309,"column":4},"end":{"line":311,"column":5}},"type":"if","locations":[{"start":{"line":309,"column":4},"end":{"line":311,"column":5}},{"start":{"line":309,"column":4},"end":{"line":311,"column":5}}]},"35":{"loc":{"start":{"line":356,"column":4},"end":{"line":371,"column":5}},"type":"if","locations":[{"start":{"line":356,"column":4},"end":{"line":371,"column":5}},{"start":{"line":356,"column":4},"end":{"line":371,"column":5}}]},"36":{"loc":{"start":{"line":359,"column":6},"end":{"line":361,"column":7}},"type":"if","locations":[{"start":{"line":359,"column":6},"end":{"line":361,"column":7}},{"start":{"line":359,"column":6},"end":{"line":361,"column":7}}]},"37":{"loc":{"start":{"line":455,"column":43},"end":{"line":455,"column":57}},"type":"cond-expr","locations":[{"start":{"line":455,"column":43},"end":{"line":455,"column":57}},{"start":{"line":455,"column":60},"end":{"line":455,"column":72}}]},"38":{"loc":{"start":{"line":472,"column":6},"end":{"line":498,"column":7}},"type":"if","locations":[{"start":{"line":472,"column":6},"end":{"line":498,"column":7}},{"start":{"line":472,"column":6},"end":{"line":498,"column":7}}]},"39":{"loc":{"start":{"line":481,"column":10},"end":{"line":483,"column":11}},"type":"if","locations":[{"start":{"line":481,"column":10},"end":{"line":483,"column":11}},{"start":{"line":481,"column":10},"end":{"line":483,"column":11}}]},"40":{"loc":{"start":{"line":487,"column":10},"end":{"line":489,"column":11}},"type":"if","locations":[{"start":{"line":487,"column":10},"end":{"line":489,"column":11}},{"start":{"line":487,"column":10},"end":{"line":489,"column":11}}]},"41":{"loc":{"start":{"line":504,"column":27},"end":{"line":504,"column":50}},"type":"binary-expr","locations":[{"start":{"line":504,"column":27},"end":{"line":504,"column":50}},{"start":{"line":504,"column":54},"end":{"line":504,"column":55}}]},"42":{"loc":{"start":{"line":524,"column":8},"end":{"line":544,"column":9}},"type":"if","locations":[{"start":{"line":524,"column":8},"end":{"line":544,"column":9}},{"start":{"line":524,"column":8},"end":{"line":544,"column":9}}]},"43":{"loc":{"start":{"line":525,"column":10},"end":{"line":525,"column":34}},"type":"binary-expr","locations":[{"start":{"line":525,"column":10},"end":{"line":525,"column":34}},{"start":{"line":526,"column":10},"end":{"line":526,"column":34}},{"start":{"line":527,"column":10},"end":{"line":527,"column":34}},{"start":{"line":528,"column":10},"end":{"line":528,"column":34}}]},"44":{"loc":{"start":{"line":551,"column":47},"end":{"line":551,"column":61}},"type":"cond-expr","locations":[{"start":{"line":551,"column":47},"end":{"line":551,"column":61}},{"start":{"line":551,"column":64},"end":{"line":551,"column":76}}]},"45":{"loc":{"start":{"line":573,"column":4},"end":{"line":584,"column":5}},"type":"if","locations":[{"start":{"line":573,"column":4},"end":{"line":584,"column":5}},{"start":{"line":573,"column":4},"end":{"line":584,"column":5}}]}},"s":{"0":1,"1":1,"2":1,"3":1,"4":22,"5":8,"6":8,"7":8,"8":0,"9":0,"10":0,"11":8,"12":0,"13":0,"14":8,"15":0,"16":0,"17":0,"18":8,"19":0,"20":0,"21":0,"22":0,"23":8,"24":0,"25":0,"26":0,"27":8,"28":0,"29":0,"30":0,"31":0,"32":0,"33":8,"34":8,"35":8,"36":8,"37":8,"38":8,"39":7,"40":1,"41":8,"42":10,"43":8,"44":8,"45":8,"46":8,"47":8,"48":8,"49":8,"50":1,"51":13,"52":13,"53":13,"54":13,"55":13,"56":13,"57":13,"58":13,"59":1,"60":0,"61":0,"62":0,"63":0,"64":0,"65":0,"66":0,"67":0,"68":0,"69":0,"70":0,"71":0,"72":0,"73":0,"74":0,"75":0,"76":1,"77":1,"78":1,"79":1,"80":0,"81":1,"82":8,"83":8,"84":8,"85":0,"86":8,"87":8,"88":0,"89":1,"90":0,"91":0,"92":0,"93":0,"94":0,"95":0,"96":0,"97":0,"98":0,"99":0,"100":0,"101":1,"102":4,"103":1,"104":4,"105":4,"106":4,"107":56,"108":56,"109":56,"110":8,"111":8,"112":8,"113":4,"114":1,"115":2,"116":1,"117":0,"118":0,"119":0,"120":0,"121":0,"122":0,"123":1,"124":0,"125":0,"126":0,"127":0,"128":0,"129":0,"130":0,"131":0,"132":0,"133":0,"134":0,"135":0,"136":0,"137":0,"138":0,"139":1,"140":0,"141":0,"142":0,"143":1,"144":0,"145":0,"146":0,"147":0,"148":1,"149":8,"150":8,"151":8,"152":8,"153":1,"154":0,"155":0,"156":0,"157":1,"158":28,"159":28,"160":28,"161":28,"162":1,"163":0,"164":0,"165":1,"166":80,"167":80,"168":80,"169":70,"170":5,"171":70,"172":70,"173":70,"174":70,"175":10,"176":1,"177":70,"178":70,"179":70,"180":70,"181":70,"182":70,"183":1,"184":70,"185":1,"186":1272,"187":1272,"188":1272,"189":1272,"190":1,"191":56,"192":56,"193":56,"194":56,"195":56,"196":56,"197":56,"198":56,"199":1264,"200":1264,"201":1264,"202":1264,"203":1264,"204":1264,"205":1264,"206":1264,"207":1264,"208":1264,"209":1264,"210":1264,"211":1264,"212":1264,"213":1264,"214":1264,"215":56,"216":56,"217":1,"218":8,"219":8,"220":8,"221":8,"222":8,"223":8,"224":8,"225":8,"226":8,"227":1,"228":5,"229":15,"230":15,"231":15,"232":15,"233":5,"234":80,"235":80,"236":80,"237":80,"238":5,"239":80,"240":80,"241":70,"242":10,"243":10,"244":1,"245":1,"246":1,"247":1,"248":1,"249":1,"250":1,"251":1,"252":1,"253":1,"254":1,"255":1,"256":14,"257":14,"258":14,"259":14,"260":14,"261":14,"262":14,"263":14,"264":14,"265":14,"266":14,"267":2,"268":2,"269":2,"270":2,"271":2,"272":2,"273":2,"274":2,"275":2,"276":1,"277":1,"278":1,"279":1,"280":0,"281":0,"282":0,"283":0,"284":0,"285":0,"286":1,"287":1,"288":1,"289":1},"f":{"0":1,"1":8,"2":0,"3":0,"4":0,"5":0,"6":0,"7":0,"8":10,"9":13,"10":0,"11":0,"12":0,"13":1,"14":8,"15":0,"16":4,"17":4,"18":56,"19":8,"20":2,"21":0,"22":0,"23":0,"24":0,"25":8,"26":0,"27":28,"28":0,"29":80,"30":70,"31":70,"32":1272,"33":56,"34":8,"35":5,"36":1,"37":14,"38":2},"b":{"0":[6,2],"1":[0,0],"2":[0,0],"3":[0,0],"4":[0,0],"5":[0,0],"6":[0,0],"7":[8,8],"8":[8,8],"9":[8,8],"10":[1,7],"11":[1,7],"12":[7,1],"13":[8,8],"14":[8,8],"15":[8,8],"16":[0,0],"17":[0,0,0],"18":[0,0],"19":[0,0],"20":[0,0],"21":[0,0],"22":[0,1],"23":[1,0],"24":[0,8],"25":[0,8],"26":[0,0],"27":[0,0],"28":[0,0],"29":[0,0],"30":[0,0],"31":[0,0],"32":[0,0],"33":[0,0],"34":[0,0],"35":[70,10],"36":[5,65],"37":[8,0],"38":[5,10],"39":[5,75],"40":[70,10],"41":[1,0],"42":[14,0],"43":[14,14,14,14],"44":[2,0],"45":[0,1]}}
,"E:\\GHN\\Projects\\signature_pad\\src\\throttle.ts": {"path":"E:\\GHN\\Projects\\signature_pad\\src\\throttle.ts","statementMap":{"0":{"start":{"line":3,"column":54},"end":{"line":3,"column":64}},"1":{"start":{"line":4,"column":17},"end":{"line":4,"column":18}},"2":{"start":{"line":5,"column":31},"end":{"line":5,"column":35}},"3":{"start":{"line":10,"column":16},"end":{"line":19,"column":3}},"4":{"start":{"line":11,"column":4},"end":{"line":11,"column":26}},"5":{"start":{"line":12,"column":4},"end":{"line":12,"column":19}},"6":{"start":{"line":13,"column":4},"end":{"line":13,"column":49}},"7":{"start":{"line":15,"column":4},"end":{"line":18,"column":5}},"8":{"start":{"line":16,"column":6},"end":{"line":16,"column":27}},"9":{"start":{"line":17,"column":6},"end":{"line":17,"column":22}},"10":{"start":{"line":21,"column":2},"end":{"line":46,"column":4}},"11":{"start":{"line":21,"column":37},"end":{"line":21,"column":50}},"12":{"start":{"line":21,"column":37},"end":{"line":21,"column":51}},"13":{"start":{"line":22,"column":16},"end":{"line":22,"column":26}},"14":{"start":{"line":23,"column":22},"end":{"line":23,"column":45}},"15":{"start":{"line":25,"column":4},"end":{"line":25,"column":25}},"16":{"start":{"line":26,"column":4},"end":{"line":26,"column":22}},"17":{"start":{"line":28,"column":4},"end":{"line":43,"column":5}},"18":{"start":{"line":29,"column":6},"end":{"line":32,"column":7}},"19":{"start":{"line":30,"column":8},"end":{"line":30,"column":30}},"20":{"start":{"line":31,"column":8},"end":{"line":31,"column":23}},"21":{"start":{"line":34,"column":6},"end":{"line":34,"column":21}},"22":{"start":{"line":35,"column":6},"end":{"line":35,"column":51}},"23":{"start":{"line":37,"column":6},"end":{"line":40,"column":7}},"24":{"start":{"line":38,"column":8},"end":{"line":38,"column":29}},"25":{"start":{"line":39,"column":8},"end":{"line":39,"column":24}},"26":{"start":{"line":41,"column":11},"end":{"line":43,"column":5}},"27":{"start":{"line":42,"column":6},"end":{"line":42,"column":52}},"28":{"start":{"line":45,"column":4},"end":{"line":45,"column":18}},"29":{"start":{"line":3,"column":0},"end":{"line":47,"column":1}}},"fnMap":{"0":{"name":"throttle","decl":{"start":{"line":3,"column":0},"end":{"line":3,"column":24}},"loc":{"start":{"line":3,"column":64},"end":{"line":47,"column":1}}},"1":{"name":"(anonymous_1)","decl":{"start":{"line":10,"column":16},"end":{"line":null,"column":-1}},"loc":{"start":{"line":10,"column":16},"end":{"line":19,"column":3}}},"2":{"name":"wrapper","decl":{"start":{"line":21,"column":9},"end":{"line":null,"column":-1}},"loc":{"start":{"line":21,"column":9},"end":{"line":46,"column":3}}}},"branchMap":{"0":{"loc":{"start":{"line":3,"column":54},"end":{"line":3,"column":64}},"type":"if","locations":[{"start":{"line":3,"column":54},"end":{"line":3,"column":64}},{"start":{"line":3,"column":54},"end":{"line":3,"column":64}}]},"1":{"loc":{"start":{"line":15,"column":4},"end":{"line":18,"column":5}},"type":"if","locations":[{"start":{"line":15,"column":4},"end":{"line":18,"column":5}},{"start":{"line":15,"column":4},"end":{"line":18,"column":5}}]},"2":{"loc":{"start":{"line":28,"column":4},"end":{"line":43,"column":5}},"type":"if","locations":[{"start":{"line":28,"column":4},"end":{"line":43,"column":5}},{"start":{"line":28,"column":4},"end":{"line":43,"column":5}}]},"3":{"loc":{"start":{"line":28,"column":8},"end":{"line":28,"column":22}},"type":"binary-expr","locations":[{"start":{"line":28,"column":8},"end":{"line":28,"column":22}},{"start":{"line":28,"column":26},"end":{"line":28,"column":42}}]},"4":{"loc":{"start":{"line":29,"column":6},"end":{"line":32,"column":7}},"type":"if","locations":[{"start":{"line":29,"column":6},"end":{"line":32,"column":7}},{"start":{"line":29,"column":6},"end":{"line":32,"column":7}}]},"5":{"loc":{"start":{"line":37,"column":6},"end":{"line":40,"column":7}},"type":"if","locations":[{"start":{"line":37,"column":6},"end":{"line":40,"column":7}},{"start":{"line":37,"column":6},"end":{"line":40,"column":7}}]},"6":{"loc":{"start":{"line":41,"column":11},"end":{"line":43,"column":5}},"type":"if","locations":[{"start":{"line":41,"column":11},"end":{"line":43,"column":5}},{"start":{"line":41,"column":11},"end":{"line":43,"column":5}}]}},"s":{"0":7,"1":7,"2":7,"3":7,"4":0,"5":0,"6":0,"7":0,"8":0,"9":0,"10":7,"11":0,"12":0,"13":0,"14":0,"15":0,"16":0,"17":0,"18":0,"19":0,"20":0,"21":0,"22":0,"23":0,"24":0,"25":0,"26":0,"27":0,"28":0,"29":1},"f":{"0":7,"1":0,"2":0},"b":{"0":[0,7],"1":[0,0],"2":[0,0],"3":[0,0],"4":[0,0],"5":[0,0],"6":[0,0]}}
,"E:\\GHN\\Projects\\signature_pad\\tests\\fixtures\\face.ts": {"path":"E:\\GHN\\Projects\\signature_pad\\tests\\fixtures\\face.ts","statementMap":{"0":{"start":{"line":1,"column":13},"end":{"line":8,"column":2}},"1":{"start":{"line":10,"column":13},"end":{"line":116,"column":2}}},"fnMap":{},"branchMap":{},"s":{"0":1,"1":1},"f":{},"b":{}}
}
