TN:
SF:E:\GHN\Projects\signature_pad\src\bezier.ts
FN:3,(anonymous_0)
FN:48,Bezier
FN:4,(anonymous_2)
FN:14,(anonymous_3)
FN:58,(anonymous_4)
FN:96,(anonymous_5)
FNF:6
FNH:6
FNDA:2,(anonymous_0)
FNDA:72,Bezier
FNDA:71,(anonymous_2)
FNDA:142,(anonymous_3)
FNDA:57,(anonymous_4)
FNDA:1254,(anonymous_5)
DA:1,2
DA:3,2
DA:4,2
DA:8,71
DA:9,71
DA:11,71
DA:14,2
DA:22,142
DA:23,142
DA:24,142
DA:25,142
DA:27,142
DA:28,142
DA:30,142
DA:31,142
DA:33,142
DA:34,142
DA:36,142
DA:37,142
DA:39,142
DA:40,142
DA:42,142
DA:49,72
DA:50,72
DA:51,72
DA:52,72
DA:53,72
DA:54,72
DA:58,2
DA:59,57
DA:60,57
DA:64,57
DA:65,627
DA:66,627
DA:73,627
DA:81,627
DA:82,570
DA:83,570
DA:85,570
DA:88,627
DA:89,627
DA:92,57
DA:96,2
DA:104,1254
DA:109,2
LF:45
LH:45
BRDA:81,0,0,570
BRDA:81,0,1,57
BRF:2
BRH:2
end_of_record
TN:
SF:E:\GHN\Projects\signature_pad\src\point.ts
FN:8,(anonymous_0)
FN:11,Point
FN:15,(anonymous_2)
FN:21,(anonymous_3)
FN:25,(anonymous_4)
FNF:5
FNH:5
FNDA:3,(anonymous_0)
FNDA:388,Point
FNDA:72,(anonymous_2)
FNDA:4,(anonymous_3)
FNDA:72,(anonymous_4)
DA:8,3
DA:11,388
DA:12,388
DA:15,3
DA:16,72
DA:21,3
DA:22,4
DA:25,3
DA:26,72
DA:30,3
LF:10
LH:10
BRDA:12,0,0,388
BRDA:12,0,1,294
BRDA:22,1,0,4
BRDA:22,1,1,3
BRDA:22,1,2,2
BRDA:27,2,0,71
BRDA:27,2,1,1
BRF:7
BRH:7
end_of_record
TN:
SF:E:\GHN\Projects\signature_pad\src\signature_pad.ts
FN:41,(anonymous_0)
FN:66,SignaturePad
FN:210,(anonymous_2)
FN:217,(anonymous_3)
FN:223,(anonymous_4)
FN:230,(anonymous_5)
FN:240,(anonymous_6)
FN:248,(anonymous_7)
FN:89,dotSize
FN:104,(anonymous_9)
FN:118,(anonymous_10)
FN:130,(anonymous_11)
FN:136,(anonymous_12)
FN:146,(anonymous_13)
FN:155,(anonymous_14)
FN:171,(anonymous_15)
FN:189,(anonymous_16)
FN:193,(anonymous_17)
FN:198,(anonymous_18)
FN:199,(anonymous_19)
FN:205,(anonymous_20)
FN:259,(anonymous_21)
FN:274,(anonymous_22)
FN:306,(anonymous_23)
FN:314,(anonymous_24)
FN:322,(anonymous_25)
FN:330,(anonymous_26)
FN:337,(anonymous_27)
FN:344,(anonymous_28)
FN:351,(anonymous_29)
FN:376,(anonymous_30)
FN:397,(anonymous_31)
FN:401,(anonymous_32)
FN:409,(anonymous_33)
FN:446,(anonymous_34)
FN:464,(anonymous_35)
FN:502,(anonymous_36)
FN:517,(anonymous_37)
FN:548,(anonymous_38)
FNF:39
FNH:23
FNDA:1,(anonymous_0)
FNDA:8,SignaturePad
FNDA:0,(anonymous_2)
FNDA:0,(anonymous_3)
FNDA:0,(anonymous_4)
FNDA:0,(anonymous_5)
FNDA:0,(anonymous_6)
FNDA:0,(anonymous_7)
FNDA:10,dotSize
FNDA:13,(anonymous_9)
FNDA:0,(anonymous_10)
FNDA:0,(anonymous_11)
FNDA:0,(anonymous_12)
FNDA:1,(anonymous_13)
FNDA:8,(anonymous_14)
FNDA:0,(anonymous_15)
FNDA:4,(anonymous_16)
FNDA:4,(anonymous_17)
FNDA:56,(anonymous_18)
FNDA:8,(anonymous_19)
FNDA:2,(anonymous_20)
FNDA:0,(anonymous_21)
FNDA:0,(anonymous_22)
FNDA:0,(anonymous_23)
FNDA:0,(anonymous_24)
FNDA:8,(anonymous_25)
FNDA:0,(anonymous_26)
FNDA:28,(anonymous_27)
FNDA:0,(anonymous_28)
FNDA:80,(anonymous_29)
FNDA:70,(anonymous_30)
FNDA:70,(anonymous_31)
FNDA:1272,(anonymous_32)
FNDA:56,(anonymous_33)
FNDA:8,(anonymous_34)
FNDA:5,(anonymous_35)
FNDA:1,(anonymous_36)
FNDA:14,(anonymous_37)
FNDA:2,(anonymous_38)
DA:12,1
DA:13,1
DA:14,1
DA:41,1
DA:66,8
DA:67,8
DA:68,22
DA:70,8
DA:71,8
DA:72,8
DA:73,8
DA:74,8
DA:78,8
DA:79,7
DA:84,1
DA:87,8
DA:90,10
DA:92,8
DA:93,8
DA:94,8
DA:95,8
DA:97,8
DA:98,8
DA:101,8
DA:104,1
DA:105,13
DA:106,13
DA:109,13
DA:110,13
DA:111,13
DA:113,13
DA:114,13
DA:115,13
DA:118,1
DA:120,0
DA:123,0
DA:124,0
DA:125,0
DA:126,0
DA:128,0
DA:130,0
DA:131,0
DA:132,0
DA:133,0
DA:136,0
DA:137,0
DA:138,0
DA:141,0
DA:143,0
DA:146,1
DA:147,1
DA:149,1
DA:151,0
DA:155,1
DA:157,8
DA:158,8
DA:160,8
DA:161,0
DA:163,8
DA:165,8
DA:166,0
DA:171,1
DA:173,0
DA:174,0
DA:176,0
DA:177,0
DA:178,0
DA:180,0
DA:181,0
DA:182,0
DA:184,0
DA:185,0
DA:186,0
DA:189,1
DA:190,4
DA:193,4
DA:194,4
DA:196,4
DA:198,56
DA:199,8
DA:202,4
DA:205,1
DA:206,2
DA:210,8
DA:211,0
DA:212,0
DA:213,0
DA:217,8
DA:218,0
DA:219,0
DA:223,8
DA:224,0
DA:225,0
DA:226,0
DA:230,8
DA:232,0
DA:234,0
DA:235,0
DA:236,0
DA:240,8
DA:242,0
DA:244,0
DA:245,0
DA:248,8
DA:249,0
DA:250,0
DA:251,0
DA:253,0
DA:254,0
DA:259,1
DA:260,0
DA:265,0
DA:266,0
DA:269,0
DA:270,0
DA:271,0
DA:274,1
DA:275,0
DA:276,0
DA:278,0
DA:279,0
DA:280,0
DA:282,0
DA:283,0
DA:286,0
DA:289,0
DA:290,0
DA:292,0
DA:293,0
DA:294,0
DA:295,0
DA:298,0
DA:306,1
DA:307,0
DA:309,0
DA:310,0
DA:314,1
DA:315,0
DA:317,0
DA:318,0
DA:319,0
DA:322,1
DA:323,8
DA:325,8
DA:326,8
DA:327,8
DA:330,1
DA:331,0
DA:332,0
DA:333,0
DA:337,1
DA:338,28
DA:339,28
DA:340,28
DA:341,28
DA:344,1
DA:345,0
DA:347,0
DA:351,1
DA:352,80
DA:354,80
DA:356,80
DA:359,70
DA:360,5
DA:364,70
DA:365,70
DA:368,70
DA:370,70
DA:373,10
DA:376,1
DA:381,70
DA:384,70
DA:386,70
DA:391,70
DA:392,70
DA:394,70
DA:397,1
DA:398,70
DA:401,1
DA:402,1272
DA:404,1272
DA:405,1272
DA:406,1272
DA:409,56
DA:410,56
DA:411,56
DA:414,56
DA:416,56
DA:417,56
DA:419,56
DA:421,1264
DA:422,1264
DA:423,1264
DA:424,1264
DA:425,1264
DA:426,1264
DA:428,1264
DA:429,1264
DA:430,1264
DA:431,1264
DA:433,1264
DA:434,1264
DA:435,1264
DA:436,1264
DA:438,1264
DA:439,1264
DA:442,56
DA:443,56
DA:446,1
DA:447,8
DA:448,8
DA:453,8
DA:455,8
DA:457,8
DA:458,8
DA:459,8
DA:460,8
DA:461,8
DA:464,1
DA:469,15
DA:470,15
DA:472,15
DA:473,5
DA:474,80
DA:475,80
DA:479,80
DA:481,80
DA:482,5
DA:485,80
DA:487,80
DA:488,70
DA:492,10
DA:494,10
DA:502,1
DA:503,1
DA:504,1
DA:505,1
DA:506,1
DA:507,1
DA:508,1
DA:509,1
DA:511,1
DA:512,1
DA:514,1
DA:517,14
DA:518,14
DA:524,14
DA:531,14
DA:537,14
DA:538,14
DA:539,14
DA:540,14
DA:541,14
DA:543,14
DA:548,2
DA:549,2
DA:551,2
DA:552,2
DA:553,2
DA:554,2
DA:555,2
DA:557,2
DA:561,1
DA:563,1
DA:570,1
DA:573,1
DA:574,0
DA:575,0
DA:576,0
DA:579,0
DA:580,0
DA:583,0
DA:586,1
DA:587,1
DA:589,1
DA:591,1
LF:276
LH:188
BRDA:68,0,0,6
BRDA:68,0,1,2
BRDA:211,1,0,0
BRDA:211,1,1,0
BRDA:218,2,0,0
BRDA:218,2,1,0
BRDA:224,3,0,0
BRDA:224,3,1,0
BRDA:224,4,0,0
BRDA:224,4,1,0
BRDA:234,5,0,0
BRDA:234,5,1,0
BRDA:250,6,0,0
BRDA:250,6,1,0
BRDA:70,7,0,8
BRDA:70,7,1,8
BRDA:71,8,0,8
BRDA:71,8,1,8
BRDA:72,9,0,8
BRDA:72,9,1,8
BRDA:73,10,0,1
BRDA:73,10,1,7
BRDA:75,11,0,1
BRDA:75,11,1,7
BRDA:78,12,0,7
BRDA:78,12,1,1
BRDA:88,13,0,8
BRDA:88,13,1,8
BRDA:92,14,0,8
BRDA:92,14,1,8
BRDA:93,15,0,8
BRDA:93,15,1,8
BRDA:120,16,0,0
BRDA:120,16,1,0
BRDA:124,17,0,0
BRDA:124,17,1,0
BRDA:124,17,2,0
BRDA:125,18,0,0
BRDA:125,18,1,0
BRDA:126,19,0,0
BRDA:126,19,1,0
BRDA:132,20,0,0
BRDA:132,20,1,0
BRDA:137,21,0,0
BRDA:137,21,1,0
BRDA:146,22,0,0
BRDA:146,22,1,1
BRDA:148,23,0,1
BRDA:148,23,1,0
BRDA:160,24,0,0
BRDA:160,24,1,8
BRDA:165,25,0,0
BRDA:165,25,1,8
BRDA:265,26,0,0
BRDA:265,26,1,0
BRDA:282,27,0,0
BRDA:282,27,1,0
BRDA:284,28,0,0
BRDA:284,28,1,0
BRDA:289,29,0,0
BRDA:289,29,1,0
BRDA:289,30,0,0
BRDA:289,30,1,0
BRDA:289,31,0,0
BRDA:289,31,1,0
BRDA:292,32,0,0
BRDA:292,32,1,0
BRDA:294,33,0,0
BRDA:294,33,1,0
BRDA:309,34,0,0
BRDA:309,34,1,0
BRDA:356,35,0,70
BRDA:356,35,1,10
BRDA:359,36,0,5
BRDA:359,36,1,65
BRDA:455,37,0,8
BRDA:455,37,1,0
BRDA:472,38,0,5
BRDA:472,38,1,10
BRDA:481,39,0,5
BRDA:481,39,1,75
BRDA:487,40,0,70
BRDA:487,40,1,10
BRDA:504,41,0,1
BRDA:504,41,1,0
BRDA:524,42,0,14
BRDA:524,42,1,0
BRDA:525,43,0,14
BRDA:525,43,1,14
BRDA:525,43,2,14
BRDA:525,43,3,14
BRDA:551,44,0,2
BRDA:551,44,1,0
BRDA:573,45,0,0
BRDA:573,45,1,1
BRF:95
BRH:43
end_of_record
TN:
SF:E:\GHN\Projects\signature_pad\src\throttle.ts
FN:3,throttle
FN:10,(anonymous_1)
FN:21,wrapper
FNF:3
FNH:1
FNDA:7,throttle
FNDA:0,(anonymous_1)
FNDA:0,wrapper
DA:3,7
DA:4,7
DA:5,7
DA:10,7
DA:11,0
DA:12,0
DA:13,0
DA:15,0
DA:16,0
DA:17,0
DA:21,7
DA:22,0
DA:23,0
DA:25,0
DA:26,0
DA:28,0
DA:29,0
DA:30,0
DA:31,0
DA:34,0
DA:35,0
DA:37,0
DA:38,0
DA:39,0
DA:41,0
DA:42,0
DA:45,0
LF:27
LH:5
BRDA:3,0,0,0
BRDA:3,0,1,7
BRDA:15,1,0,0
BRDA:15,1,1,0
BRDA:28,2,0,0
BRDA:28,2,1,0
BRDA:28,3,0,0
BRDA:28,3,1,0
BRDA:29,4,0,0
BRDA:29,4,1,0
BRDA:37,5,0,0
BRDA:37,5,1,0
BRDA:41,6,0,0
BRDA:41,6,1,0
BRF:14
BRH:1
end_of_record
TN:
SF:E:\GHN\Projects\signature_pad\tests\fixtures\face.ts
FNF:0
FNH:0
DA:1,1
DA:10,1
LF:2
LH:2
BRF:0
BRH:0
end_of_record
